{"timestamp":"2026-05-17T21:56:29.714Z","level":"INFO","category":"AUTH","action":"LOGIN_SUCCESS","actor":"admin","target":null,"ip":"::1","meta":{"email":"admin@unigran.com.br","role":"admin"}}
{"timestamp":"2026-05-18T10:08:43.926Z","level":"INFO","category":"AUTH","action":"SESSION_VALIDATED","actor":"admin","target":null,"ip":"::1","meta":{"role":"admin"}}
{"timestamp":"2026-05-18T10:08:44.488Z","level":"INFO","category":"AUTH","action":"SESSION_VALIDATED","actor":"admin","target":null,"ip":"::1","meta":{"role":"admin"}}
{"timestamp":"2026-05-18T10:08:45.934Z","level":"INFO","category":"ADMIN","action":"AUDIT_LOGS_ACCESSED","actor":"admin","target":null,"ip":"::1","meta":{}}
{"timestamp":"2026-05-18T10:08:45.940Z","level":"INFO","category":"ADMIN","action":"AUDIT_LOGS_ACCESSED","actor":"admin","target":null,"ip":"::1","meta":{}}
{"timestamp":"2026-05-18T10:09:18.384Z","level":"WARN","category":"AUTH","action":"LOGIN_FAILED","actor":"anonymous","target":null,"ip":"::1","meta":{"email":"gabrielozoriofranco1998@gmail.com","reason":"wrong_password"}}
{"timestamp":"2026-05-18T10:09:20.226Z","level":"INFO","category":"AUTH","action":"LOGIN_SUCCESS","actor":"GabrielaOzoio","target":null,"ip":"::1","meta":{"email":"gabrielozoriofranco1998@gmail.com","role":"user"}}
{"timestamp":"2026-05-18T10:09:21.079Z","level":"INFO","category":"AUTH","action":"SESSION_VALIDATED","actor":"GabrielaOzoio","target":null,"ip":"::1","meta":{"role":"user"}}
{"timestamp":"2026-05-18T10:09:49.791Z","level":"INFO","category":"AUTH","action":"LOGIN_SUCCESS","actor":"admin","target":null,"ip":"::1","meta":{"email":"admin@unigran.com.br","role":"admin"}}
{"timestamp":"2026-05-18T10:09:50.506Z","level":"INFO","category":"AUTH","action":"SESSION_VALIDATED","actor":"admin","target":null,"ip":"::1","meta":{"role":"admin"}}
{"timestamp":"2026-05-18T10:09:52.084Z","level":"INFO","category":"ADMIN","action":"AUDIT_LOGS_ACCESSED","actor":"admin","target":null,"ip":"::1","meta":{}}
{"timestamp":"2026-05-18T10:09:52.088Z","level":"INFO","category":"ADMIN","action":"AUDIT_LOGS_ACCESSED","actor":"admin","target":null,"ip":"::1","meta":{}}
{"timestamp":"2026-05-18T10:10:02.652Z","level":"INFO","category":"ADMIN","action":"AUDIT_LOGS_ACCESSED","actor":"admin","target":null,"ip":"::1","meta":{}}
{"timestamp":"2026-05-18T10:10:02.803Z","level":"INFO","category":"ADMIN","action":"AUDIT_LOGS_ACCESSED","actor":"admin","target":null,"ip":"::1","meta":{}}
{"timestamp":"2026-05-18T10:10:02.898Z","level":"INFO","category":"ADMIN","action":"AUDIT_LOGS_ACCESSED","actor":"admin","target":null,"ip":"::1","meta":{}}
{"timestamp":"2026-05-18T10:10:03.067Z","level":"INFO","category":"ADMIN","action":"AUDIT_LOGS_ACCESSED","actor":"admin","target":null,"ip":"::1","meta":{}}
{"timestamp":"2026-05-18T10:10:03.187Z","level":"INFO","category":"ADMIN","action":"AUDIT_LOGS_ACCESSED","actor":"admin","target":null,"ip":"::1","meta":{}}
{"timestamp":"2026-05-18T10:10:03.291Z","level":"INFO","category":"ADMIN","action":"AUDIT_LOGS_ACCESSED","actor":"admin","target":null,"ip":"::1","meta":{}}
{"timestamp":"2026-05-18T10:10:03.419Z","level":"INFO","category":"ADMIN","action":"AUDIT_LOGS_ACCESSED","actor":"admin","target":null,"ip":"::1","meta":{}}
{"timestamp":"2026-05-18T10:10:17.782Z","level":"INFO","category":"ADMIN","action":"AUDIT_LOGS_ACCESSED","actor":"admin","target":null,"ip":"::1","meta":{}}
{"timestamp":"2026-05-18T10:10:18.678Z","level":"INFO","category":"ADMIN","action":"AUDIT_LOGS_ACCESSED","actor":"admin","target":null,"ip":"::1","meta":{}}
{"timestamp":"2026-05-18T10:10:22.696Z","level":"INFO","category":"ADMIN","action":"AUDIT_LOGS_ACCESSED","actor":"admin","target":null,"ip":"::1","meta":{}}
{"timestamp":"2026-05-18T10:10:23.834Z","level":"INFO","category":"ADMIN","action":"AUDIT_LOGS_ACCESSED","actor":"admin","target":null,"ip":"::1","meta":{}}
{"timestamp":"2026-05-18T10:10:25.342Z","level":"INFO","category":"ADMIN","action":"AUDIT_LOGS_ACCESSED","actor":"admin","target":null,"ip":"::1","meta":{}}
